十一月 19, 2017 11:28:06 上午 org.apache.catalina.startup.VersionLoggerListener log
信息: Server version:        Apache Tomcat/7.0.59
十一月 19, 2017 11:28:06 上午 org.apache.catalina.startup.VersionLoggerListener log
信息: Server built:          Jan 28 2015 15:51:10 UTC
十一月 19, 2017 11:28:06 上午 org.apache.catalina.startup.VersionLoggerListener log
信息: Server number:         7.0.59.0
十一月 19, 2017 11:28:06 上午 org.apache.catalina.startup.VersionLoggerListener log
信息: OS Name:               Windows 10
十一月 19, 2017 11:28:06 上午 org.apache.catalina.startup.VersionLoggerListener log
信息: OS Version:            10.0
十一月 19, 2017 11:28:06 上午 org.apache.catalina.startup.VersionLoggerListener log
信息: Architecture:          amd64
十一月 19, 2017 11:28:06 上午 org.apache.catalina.startup.VersionLoggerListener log
信息: Java Home:             C:\java\jre
十一月 19, 2017 11:28:06 上午 org.apache.catalina.startup.VersionLoggerListener log
信息: JVM Version:           1.8.0_111-b14
十一月 19, 2017 11:28:06 上午 org.apache.catalina.startup.VersionLoggerListener log
信息: JVM Vendor:            Oracle Corporation
十一月 19, 2017 11:28:06 上午 org.apache.catalina.startup.VersionLoggerListener log
信息: CATALINA_BASE:         C:\koron\HFtomcat\tomcat7
十一月 19, 2017 11:28:06 上午 org.apache.catalina.startup.VersionLoggerListener log
信息: CATALINA_HOME:         C:\koron\HFtomcat\tomcat7
十一月 19, 2017 11:28:06 上午 org.apache.catalina.startup.VersionLoggerListener log
信息: Command line argument: -Djava.util.logging.config.file=C:\koron\HFtomcat\tomcat7\conf\logging.properties
十一月 19, 2017 11:28:06 上午 org.apache.catalina.startup.VersionLoggerListener log
信息: Command line argument: -Djava.util.logging.manager=org.apache.juli.ClassLoaderLogManager
十一月 19, 2017 11:28:06 上午 org.apache.catalina.startup.VersionLoggerListener log
信息: Command line argument: -Djava.endorsed.dirs=C:\koron\HFtomcat\tomcat7\endorsed
十一月 19, 2017 11:28:06 上午 org.apache.catalina.startup.VersionLoggerListener log
信息: Command line argument: -Dcatalina.base=C:\koron\HFtomcat\tomcat7
十一月 19, 2017 11:28:06 上午 org.apache.catalina.startup.VersionLoggerListener log
信息: Command line argument: -Dcatalina.home=C:\koron\HFtomcat\tomcat7
十一月 19, 2017 11:28:06 上午 org.apache.catalina.startup.VersionLoggerListener log
信息: Command line argument: -Djava.io.tmpdir=C:\koron\HFtomcat\tomcat7\temp
十一月 19, 2017 11:28:06 上午 org.apache.catalina.core.AprLifecycleListener lifecycleEvent
信息: The APR based Apache Tomcat Native library which allows optimal performance in production environments was not found on the java.library.path: C:\java\bin;C:\WINDOWS\Sun\Java\bin;C:\WINDOWS\system32;C:\WINDOWS;C:\ProgramData\Oracle\Java\javapath;C:\WINDOWS\system32;C:\WINDOWS;C:\WINDOWS\System32\Wbem;C:\WINDOWS\System32\WindowsPowerShell\v1.0\;C:\Program Files (x86)\Intel\OpenCL SDK\2.0\bin\x86;C:\Program Files (x86)\Intel\OpenCL SDK\2.0\bin\x64;C:\Program Files (x86)\ATI Technologies\ATI.ACE\Core-Static;C:\Program Files (x86)\Microsoft SQL Server\90\Tools\binn\;I:\SVN\bin;I:\maven\apache-maven-3.3.9\bin;C:\Program Files\MySQL\MySQL Server 5.7\bin;C:\Program Files (x86)\Microsoft SQL Server\100\Tools\Binn\;C:\Program Files\Microsoft SQL Server\100\Tools\Binn\;C:\Program Files\Microsoft SQL Server\100\DTS\Binn\;C:\Program Files (x86)\Microsoft SQL Server\100\Tools\Binn\VSShell\Common7\IDE\;C:\Program Files (x86)\Microsoft Visual Studio 9.0\Common7\IDE\PrivateAssemblies\;C:\Program Files (x86)\Microsoft SQL Server\100\DTS\Binn\;.\Library;.\Security\BiSafe;.\Security\Koal;F:\nodejs\;C:\Users\lpeng589\AppData\Local\Microsoft\WindowsApps;C:\Users\lpeng589\AppData\Roaming\npm;.
十一月 19, 2017 11:28:06 上午 org.apache.coyote.AbstractProtocol init
信息: Initializing ProtocolHandler ["http-bio-8888"]
十一月 19, 2017 11:28:06 上午 org.apache.coyote.AbstractProtocol init
信息: Initializing ProtocolHandler ["ajp-bio-8099"]
十一月 19, 2017 11:28:06 上午 org.apache.catalina.startup.Catalina load
信息: Initialization processed in 950 ms
十一月 19, 2017 11:28:06 上午 org.apache.catalina.core.StandardService startInternal
信息: Starting service Catalina
十一月 19, 2017 11:28:06 上午 org.apache.catalina.core.StandardEngine startInternal
信息: Starting Servlet Engine: Apache Tomcat/7.0.59
十一月 19, 2017 11:28:06 上午 org.apache.catalina.startup.HostConfig deployDescriptor
信息: Deploying configuration descriptor C:\koron\HFtomcat\tomcat7\conf\Catalina\localhost\ROOT.xml
十一月 19, 2017 11:28:06 上午 org.apache.catalina.loader.WebappClassLoader validateJarFile
信息: validateJarFile(C:\koron\HFtomcat\tomcat7\webapps\ROOT\WEB-INF\lib\servlet-api.jar) - jar not loaded. See Servlet Spec 3.0, section 10.7.2. Offending class: javax/servlet/Servlet.class
十一月 19, 2017 11:28:14 上午 org.apache.catalina.startup.TaglibUriRule body
信息: TLD skipped. URI: http://fckeditor.net/tags-fckeditor is already defined
十一月 19, 2017 11:28:14 上午 org.apache.catalina.startup.TaglibUriRule body
信息: TLD skipped. URI: http://struts.apache.org/tags-tiles is already defined
十一月 19, 2017 11:28:14 上午 org.apache.catalina.startup.TaglibUriRule body
信息: TLD skipped. URI: http://struts.apache.org/tags-bean is already defined
十一月 19, 2017 11:28:14 上午 org.apache.catalina.startup.TaglibUriRule body
信息: TLD skipped. URI: http://struts.apache.org/tags-html is already defined
十一月 19, 2017 11:28:14 上午 org.apache.catalina.startup.TaglibUriRule body
信息: TLD skipped. URI: http://struts.apache.org/tags-logic is already defined
十一月 19, 2017 11:28:14 上午 org.apache.catalina.startup.TaglibUriRule body
信息: TLD skipped. URI: http://struts.apache.org/tags-nested is already defined
十一月 19, 2017 11:28:15 上午 org.apache.catalina.util.SessionIdGeneratorBase createSecureRandom
信息: Creation of SecureRandom instance for session ID generation using [SHA1PRNG] took [369] milliseconds.
十一月 19, 2017 11:28:43 上午 org.apache.catalina.startup.HostConfig deployDescriptor
信息: Deployment of configuration descriptor C:\koron\HFtomcat\tomcat7\conf\Catalina\localhost\ROOT.xml has finished in 36,483 ms
十一月 19, 2017 11:28:43 上午 org.apache.catalina.startup.HostConfig deployDescriptor
信息: Deploying configuration descriptor C:\koron\HFtomcat\tomcat7\conf\Catalina\localhost\ROOT`.xml
十一月 19, 2017 11:28:43 上午 org.apache.catalina.core.StandardContext resourcesStart
严重: Error starting static Resources
java.lang.IllegalArgumentException: Document base C:\koron\HFtomcat\tomcat7\webapps\ROOT` does not exist or is not a readable directory
	at org.apache.naming.resources.FileDirContext.setDocBase(FileDirContext.java:136)
	at org.apache.catalina.core.StandardContext.resourcesStart(StandardContext.java:5141)
	at org.apache.catalina.core.StandardContext.startInternal(StandardContext.java:5326)
	at org.apache.catalina.util.LifecycleBase.start(LifecycleBase.java:150)
	at org.apache.catalina.core.ContainerBase.addChildInternal(ContainerBase.java:901)
	at org.apache.catalina.core.ContainerBase.addChild(ContainerBase.java:877)
	at org.apache.catalina.core.StandardHost.addChild(StandardHost.java:649)
	at org.apache.catalina.startup.HostConfig.deployDescriptor(HostConfig.java:672)
	at org.apache.catalina.startup.HostConfig$DeployDescriptor.run(HostConfig.java:1859)
	at java.util.concurrent.Executors$RunnableAdapter.call(Executors.java:511)
	at java.util.concurrent.FutureTask.run(FutureTask.java:266)
	at java.util.concurrent.ThreadPoolExecutor.runWorker(ThreadPoolExecutor.java:1142)
	at java.util.concurrent.ThreadPoolExecutor$Worker.run(ThreadPoolExecutor.java:617)
	at java.lang.Thread.run(Thread.java:745)

十一月 19, 2017 11:28:43 上午 org.apache.catalina.core.ContainerBase addChildInternal
严重: ContainerBase.addChild: start: 
org.apache.catalina.LifecycleException: Failed to start component [StandardEngine[Catalina].StandardHost[localhost].StandardContext[/ROOT`]]
	at org.apache.catalina.util.LifecycleBase.start(LifecycleBase.java:154)
	at org.apache.catalina.core.ContainerBase.addChildInternal(ContainerBase.java:901)
	at org.apache.catalina.core.ContainerBase.addChild(ContainerBase.java:877)
	at org.apache.catalina.core.StandardHost.addChild(StandardHost.java:649)
	at org.apache.catalina.startup.HostConfig.deployDescriptor(HostConfig.java:672)
	at org.apache.catalina.startup.HostConfig$DeployDescriptor.run(HostConfig.java:1859)
	at java.util.concurrent.Executors$RunnableAdapter.call(Executors.java:511)
	at java.util.concurrent.FutureTask.run(FutureTask.java:266)
	at java.util.concurrent.ThreadPoolExecutor.runWorker(ThreadPoolExecutor.java:1142)
	at java.util.concurrent.ThreadPoolExecutor$Worker.run(ThreadPoolExecutor.java:617)
	at java.lang.Thread.run(Thread.java:745)
Caused by: org.apache.catalina.LifecycleException: Error in resourceStart()
	at org.apache.catalina.core.StandardContext.startInternal(StandardContext.java:5327)
	at org.apache.catalina.util.LifecycleBase.start(LifecycleBase.java:150)
	... 10 more

十一月 19, 2017 11:28:43 上午 org.apache.catalina.startup.HostConfig deployDescriptor
严重: Error deploying configuration descriptor C:\koron\HFtomcat\tomcat7\conf\Catalina\localhost\ROOT`.xml
java.lang.IllegalStateException: ContainerBase.addChild: start: org.apache.catalina.LifecycleException: Failed to start component [StandardEngine[Catalina].StandardHost[localhost].StandardContext[/ROOT`]]
	at org.apache.catalina.core.ContainerBase.addChildInternal(ContainerBase.java:904)
	at org.apache.catalina.core.ContainerBase.addChild(ContainerBase.java:877)
	at org.apache.catalina.core.StandardHost.addChild(StandardHost.java:649)
	at org.apache.catalina.startup.HostConfig.deployDescriptor(HostConfig.java:672)
	at org.apache.catalina.startup.HostConfig$DeployDescriptor.run(HostConfig.java:1859)
	at java.util.concurrent.Executors$RunnableAdapter.call(Executors.java:511)
	at java.util.concurrent.FutureTask.run(FutureTask.java:266)
	at java.util.concurrent.ThreadPoolExecutor.runWorker(ThreadPoolExecutor.java:1142)
	at java.util.concurrent.ThreadPoolExecutor$Worker.run(ThreadPoolExecutor.java:617)
	at java.lang.Thread.run(Thread.java:745)

十一月 19, 2017 11:28:43 上午 org.apache.catalina.startup.HostConfig deployDescriptor
信息: Deployment of configuration descriptor C:\koron\HFtomcat\tomcat7\conf\Catalina\localhost\ROOT`.xml has finished in 26 ms
十一月 19, 2017 11:28:43 上午 org.apache.catalina.startup.HostConfig deployDirectory
信息: Deploying web application directory C:\koron\HFtomcat\tomcat7\webapps\log
十一月 19, 2017 11:28:43 上午 org.apache.catalina.startup.HostConfig deployDirectory
信息: Deployment of web application directory C:\koron\HFtomcat\tomcat7\webapps\log has finished in 243 ms
十一月 19, 2017 11:28:43 上午 org.apache.catalina.startup.HostConfig deployDirectory
信息: Deploying web application directory C:\koron\HFtomcat\tomcat7\webapps\prop
十一月 19, 2017 11:28:43 上午 org.apache.catalina.startup.HostConfig deployDirectory
信息: Deployment of web application directory C:\koron\HFtomcat\tomcat7\webapps\prop has finished in 234 ms
十一月 19, 2017 11:28:43 上午 org.apache.catalina.startup.HostConfig deployDirectory
信息: Deploying web application directory C:\koron\HFtomcat\tomcat7\webapps\task
十一月 19, 2017 11:28:43 上午 org.apache.catalina.startup.HostConfig deployDirectory
信息: Deployment of web application directory C:\koron\HFtomcat\tomcat7\webapps\task has finished in 213 ms
十一月 19, 2017 11:28:43 上午 org.apache.catalina.startup.HostConfig deployDirectory
信息: Deploying web application directory C:\koron\HFtomcat\tomcat7\webapps\tmp
十一月 19, 2017 11:28:44 上午 org.apache.catalina.startup.HostConfig deployDirectory
信息: Deployment of web application directory C:\koron\HFtomcat\tomcat7\webapps\tmp has finished in 949 ms
十一月 19, 2017 11:28:44 上午 org.apache.coyote.AbstractProtocol start
信息: Starting ProtocolHandler ["http-bio-8888"]
十一月 19, 2017 11:28:44 上午 org.apache.coyote.AbstractProtocol start
信息: Starting ProtocolHandler ["ajp-bio-8099"]
十一月 19, 2017 11:28:44 上午 org.apache.catalina.startup.Catalina start
信息: Server startup in 38271 ms
十一月 19, 2017 11:30:33 上午 org.apache.coyote.AbstractProtocol pause
信息: Pausing ProtocolHandler ["http-bio-8888"]
十一月 19, 2017 11:30:33 上午 org.apache.coyote.AbstractProtocol pause
信息: Pausing ProtocolHandler ["ajp-bio-8099"]
十一月 19, 2017 11:30:33 上午 org.apache.catalina.core.StandardService stopInternal
信息: Stopping service Catalina
十一月 19, 2017 11:30:33 上午 org.apache.catalina.loader.WebappClassLoader clearReferencesThreads
严重: The web application [] appears to have started a thread named [Timer-0] but has failed to stop it. This is very likely to create a memory leak.
十一月 19, 2017 11:30:33 上午 org.apache.catalina.loader.WebappClassLoader clearReferencesThreads
严重: The web application [] appears to have started a thread named [Timer-1] but has failed to stop it. This is very likely to create a memory leak.
十一月 19, 2017 11:30:33 上午 org.apache.catalina.loader.WebappClassLoader clearReferencesThreads
严重: The web application [] appears to have started a thread named [MSGConnectServerSocketThread] but has failed to stop it. This is very likely to create a memory leak.
十一月 19, 2017 11:30:33 上午 org.apache.catalina.loader.WebappClassLoader clearReferencesThreads
严重: The web application [] appears to have started a thread named [SessionClearThread] but has failed to stop it. This is very likely to create a memory leak.
十一月 19, 2017 11:30:33 上午 org.apache.catalina.loader.WebappClassLoader clearReferencesThreads
严重: The web application [] appears to have started a thread named [SessionClearThread] but has failed to stop it. This is very likely to create a memory leak.
十一月 19, 2017 11:30:33 上午 org.apache.catalina.loader.WebappClassLoader clearReferencesThreads
严重: The web application [] appears to have started a thread named [Thread-3] but has failed to stop it. This is very likely to create a memory leak.
十一月 19, 2017 11:30:33 上午 org.apache.catalina.loader.WebappClassLoader clearReferencesThreads
严重: The web application [] appears to have started a thread named [Mail Auto Receive Thread] but has failed to stop it. This is very likely to create a memory leak.
十一月 19, 2017 11:30:33 上午 org.apache.catalina.loader.WebappClassLoader clearReferencesThreads
严重: The web application [] appears to have started a thread named [Thread-9] but has failed to stop it. This is very likely to create a memory leak.
十一月 19, 2017 11:30:33 上午 org.apache.catalina.loader.WebappClassLoader clearReferencesThreads
严重: The web application [] appears to have started a thread named [TimingMsgThread] but has failed to stop it. This is very likely to create a memory leak.
十一月 19, 2017 11:30:33 上午 org.apache.catalina.loader.WebappClassLoader clearReferencesThreads
严重: The web application [] appears to have started a thread named [Thread-11] but has failed to stop it. This is very likely to create a memory leak.
十一月 19, 2017 11:30:33 上午 org.apache.catalina.loader.WebappClassLoader clearReferencesThreads
严重: The web application [] appears to have started a thread named [Thread-12] but has failed to stop it. This is very likely to create a memory leak.
十一月 19, 2017 11:30:33 上午 org.apache.catalina.loader.WebappClassLoader clearReferencesThreads
严重: The web application [] appears to have started a thread named [Thread-13] but has failed to stop it. This is very likely to create a memory leak.
十一月 19, 2017 11:30:33 上午 org.apache.catalina.loader.WebappClassLoader clearReferencesThreads
严重: The web application [] appears to have started a thread named [Thread-14] but has failed to stop it. This is very likely to create a memory leak.
十一月 19, 2017 11:30:33 上午 org.apache.catalina.loader.WebappClassLoader clearReferencesThreads
严重: The web application [] appears to have started a thread named [Thread-15] but has failed to stop it. This is very likely to create a memory leak.
十一月 19, 2017 11:30:33 上午 org.apache.catalina.loader.WebappClassLoader clearReferencesThreads
严重: The web application [] appears to have started a thread named [Timer-3] but has failed to stop it. This is very likely to create a memory leak.
十一月 19, 2017 11:30:33 上午 org.apache.coyote.AbstractProtocol stop
信息: Stopping ProtocolHandler ["http-bio-8888"]
十一月 19, 2017 11:30:33 上午 org.apache.coyote.AbstractProtocol stop
信息: Stopping ProtocolHandler ["ajp-bio-8099"]
十一月 19, 2017 11:30:33 上午 org.apache.coyote.AbstractProtocol destroy
信息: Destroying ProtocolHandler ["http-bio-8888"]
十一月 19, 2017 11:30:33 上午 org.apache.coyote.AbstractProtocol destroy
信息: Destroying ProtocolHandler ["ajp-bio-8099"]
十一月 19, 2017 11:30:33 上午 org.apache.catalina.deploy.NamingResources cleanUp
警告: Failed to retrieve JNDI naming context for container [StandardEngine[Catalina].StandardHost[localhost].StandardContext[/ROOT`]] so no cleanup was performed for that container
javax.naming.NamingException: No naming context bound to this class loader
	at org.apache.naming.ContextBindings.getClassLoader(ContextBindings.java:350)
	at org.apache.catalina.deploy.NamingResources.cleanUp(NamingResources.java:985)
	at org.apache.catalina.deploy.NamingResources.stopInternal(NamingResources.java:968)
	at org.apache.catalina.util.LifecycleBase.stop(LifecycleBase.java:232)
	at org.apache.catalina.core.StandardContext.stopInternal(StandardContext.java:5736)
	at org.apache.catalina.util.LifecycleBase.stop(LifecycleBase.java:232)
	at org.apache.catalina.util.LifecycleBase.destroy(LifecycleBase.java:272)
	at org.apache.catalina.core.ContainerBase.removeChild(ContainerBase.java:1041)
	at org.apache.catalina.core.ContainerBase.destroyInternal(ContainerBase.java:1234)
	at org.apache.catalina.util.LifecycleBase.destroy(LifecycleBase.java:305)
	at org.apache.catalina.core.ContainerBase.removeChild(ContainerBase.java:1041)
	at org.apache.catalina.core.ContainerBase.destroyInternal(ContainerBase.java:1234)
	at org.apache.catalina.util.LifecycleBase.destroy(LifecycleBase.java:305)
	at org.apache.catalina.core.StandardService.destroyInternal(StandardService.java:593)
	at org.apache.catalina.util.LifecycleBase.destroy(LifecycleBase.java:305)
	at org.apache.catalina.core.StandardServer.destroyInternal(StandardServer.java:829)
	at org.apache.catalina.util.LifecycleBase.destroy(LifecycleBase.java:305)
	at org.apache.catalina.startup.Catalina.stop(Catalina.java:763)
	at org.apache.catalina.startup.Catalina$CatalinaShutdownHook.run(Catalina.java:908)

十一月 19, 2017 2:23:23 下午 org.apache.catalina.startup.VersionLoggerListener log
信息: Server version:        Apache Tomcat/7.0.59
十一月 19, 2017 2:23:23 下午 org.apache.catalina.startup.VersionLoggerListener log
信息: Server built:          Jan 28 2015 15:51:10 UTC
十一月 19, 2017 2:23:23 下午 org.apache.catalina.startup.VersionLoggerListener log
信息: Server number:         7.0.59.0
十一月 19, 2017 2:23:23 下午 org.apache.catalina.startup.VersionLoggerListener log
信息: OS Name:               Windows 10
十一月 19, 2017 2:23:23 下午 org.apache.catalina.startup.VersionLoggerListener log
信息: OS Version:            10.0
十一月 19, 2017 2:23:23 下午 org.apache.catalina.startup.VersionLoggerListener log
信息: Architecture:          amd64
十一月 19, 2017 2:23:23 下午 org.apache.catalina.startup.VersionLoggerListener log
信息: Java Home:             C:\java\jre
十一月 19, 2017 2:23:23 下午 org.apache.catalina.startup.VersionLoggerListener log
信息: JVM Version:           1.8.0_111-b14
十一月 19, 2017 2:23:23 下午 org.apache.catalina.startup.VersionLoggerListener log
信息: JVM Vendor:            Oracle Corporation
十一月 19, 2017 2:23:23 下午 org.apache.catalina.startup.VersionLoggerListener log
信息: CATALINA_BASE:         C:\koron\HFtomcat\tomcat7
十一月 19, 2017 2:23:23 下午 org.apache.catalina.startup.VersionLoggerListener log
信息: CATALINA_HOME:         C:\koron\HFtomcat\tomcat7
十一月 19, 2017 2:23:23 下午 org.apache.catalina.startup.VersionLoggerListener log
信息: Command line argument: -Djava.util.logging.config.file=C:\koron\HFtomcat\tomcat7\conf\logging.properties
十一月 19, 2017 2:23:23 下午 org.apache.catalina.startup.VersionLoggerListener log
信息: Command line argument: -Djava.util.logging.manager=org.apache.juli.ClassLoaderLogManager
十一月 19, 2017 2:23:23 下午 org.apache.catalina.startup.VersionLoggerListener log
信息: Command line argument: -Djava.endorsed.dirs=C:\koron\HFtomcat\tomcat7\endorsed
十一月 19, 2017 2:23:23 下午 org.apache.catalina.startup.VersionLoggerListener log
信息: Command line argument: -Dcatalina.base=C:\koron\HFtomcat\tomcat7
十一月 19, 2017 2:23:23 下午 org.apache.catalina.startup.VersionLoggerListener log
信息: Command line argument: -Dcatalina.home=C:\koron\HFtomcat\tomcat7
十一月 19, 2017 2:23:23 下午 org.apache.catalina.startup.VersionLoggerListener log
信息: Command line argument: -Djava.io.tmpdir=C:\koron\HFtomcat\tomcat7\temp
十一月 19, 2017 2:23:23 下午 org.apache.catalina.core.AprLifecycleListener lifecycleEvent
信息: The APR based Apache Tomcat Native library which allows optimal performance in production environments was not found on the java.library.path: C:\java\bin;C:\WINDOWS\Sun\Java\bin;C:\WINDOWS\system32;C:\WINDOWS;C:\ProgramData\Oracle\Java\javapath;C:\WINDOWS\system32;C:\WINDOWS;C:\WINDOWS\System32\Wbem;C:\WINDOWS\System32\WindowsPowerShell\v1.0\;C:\Program Files (x86)\Intel\OpenCL SDK\2.0\bin\x86;C:\Program Files (x86)\Intel\OpenCL SDK\2.0\bin\x64;C:\Program Files (x86)\ATI Technologies\ATI.ACE\Core-Static;C:\Program Files (x86)\Microsoft SQL Server\90\Tools\binn\;I:\SVN\bin;I:\maven\apache-maven-3.3.9\bin;C:\Program Files\MySQL\MySQL Server 5.7\bin;C:\Program Files (x86)\Microsoft SQL Server\100\Tools\Binn\;C:\Program Files\Microsoft SQL Server\100\Tools\Binn\;C:\Program Files\Microsoft SQL Server\100\DTS\Binn\;C:\Program Files (x86)\Microsoft SQL Server\100\Tools\Binn\VSShell\Common7\IDE\;C:\Program Files (x86)\Microsoft Visual Studio 9.0\Common7\IDE\PrivateAssemblies\;C:\Program Files (x86)\Microsoft SQL Server\100\DTS\Binn\;.\Library;.\Security\BiSafe;.\Security\Koal;F:\nodejs\;C:\Users\lpeng589\AppData\Local\Microsoft\WindowsApps;C:\Users\lpeng589\AppData\Roaming\npm;.
十一月 19, 2017 2:23:23 下午 org.apache.coyote.AbstractProtocol init
信息: Initializing ProtocolHandler ["http-bio-8888"]
十一月 19, 2017 2:23:23 下午 org.apache.coyote.AbstractProtocol init
信息: Initializing ProtocolHandler ["ajp-bio-8099"]
十一月 19, 2017 2:23:23 下午 org.apache.catalina.startup.Catalina load
信息: Initialization processed in 992 ms
十一月 19, 2017 2:23:23 下午 org.apache.catalina.core.StandardService startInternal
信息: Starting service Catalina
十一月 19, 2017 2:23:23 下午 org.apache.catalina.core.StandardEngine startInternal
信息: Starting Servlet Engine: Apache Tomcat/7.0.59
十一月 19, 2017 2:23:23 下午 org.apache.catalina.startup.HostConfig deployDescriptor
信息: Deploying configuration descriptor C:\koron\HFtomcat\tomcat7\conf\Catalina\localhost\ROOT.xml
十一月 19, 2017 2:23:24 下午 org.apache.catalina.loader.WebappClassLoader validateJarFile
信息: validateJarFile(C:\koron\HFtomcat\tomcat7\webapps\ROOT\WEB-INF\lib\servlet-api.jar) - jar not loaded. See Servlet Spec 3.0, section 10.7.2. Offending class: javax/servlet/Servlet.class
十一月 19, 2017 2:23:32 下午 org.apache.catalina.startup.TaglibUriRule body
信息: TLD skipped. URI: http://fckeditor.net/tags-fckeditor is already defined
十一月 19, 2017 2:23:32 下午 org.apache.catalina.startup.TaglibUriRule body
信息: TLD skipped. URI: http://struts.apache.org/tags-tiles is already defined
十一月 19, 2017 2:23:32 下午 org.apache.catalina.startup.TaglibUriRule body
信息: TLD skipped. URI: http://struts.apache.org/tags-bean is already defined
十一月 19, 2017 2:23:32 下午 org.apache.catalina.startup.TaglibUriRule body
信息: TLD skipped. URI: http://struts.apache.org/tags-html is already defined
十一月 19, 2017 2:23:32 下午 org.apache.catalina.startup.TaglibUriRule body
信息: TLD skipped. URI: http://struts.apache.org/tags-logic is already defined
十一月 19, 2017 2:23:32 下午 org.apache.catalina.startup.TaglibUriRule body
信息: TLD skipped. URI: http://struts.apache.org/tags-nested is already defined
十一月 19, 2017 2:23:32 下午 org.apache.catalina.util.SessionIdGeneratorBase createSecureRandom
信息: Creation of SecureRandom instance for session ID generation using [SHA1PRNG] took [457] milliseconds.
十一月 19, 2017 2:24:06 下午 org.apache.catalina.startup.HostConfig deployDescriptor
信息: Deployment of configuration descriptor C:\koron\HFtomcat\tomcat7\conf\Catalina\localhost\ROOT.xml has finished in 42,258 ms
十一月 19, 2017 2:24:06 下午 org.apache.catalina.startup.HostConfig deployDescriptor
信息: Deploying configuration descriptor C:\koron\HFtomcat\tomcat7\conf\Catalina\localhost\ROOT`.xml
十一月 19, 2017 2:24:06 下午 org.apache.catalina.core.StandardContext resourcesStart
严重: Error starting static Resources
java.lang.IllegalArgumentException: Document base C:\koron\HFtomcat\tomcat7\webapps\ROOT` does not exist or is not a readable directory
	at org.apache.naming.resources.FileDirContext.setDocBase(FileDirContext.java:136)
	at org.apache.catalina.core.StandardContext.resourcesStart(StandardContext.java:5141)
	at org.apache.catalina.core.StandardContext.startInternal(StandardContext.java:5326)
	at org.apache.catalina.util.LifecycleBase.start(LifecycleBase.java:150)
	at org.apache.catalina.core.ContainerBase.addChildInternal(ContainerBase.java:901)
	at org.apache.catalina.core.ContainerBase.addChild(ContainerBase.java:877)
	at org.apache.catalina.core.StandardHost.addChild(StandardHost.java:649)
	at org.apache.catalina.startup.HostConfig.deployDescriptor(HostConfig.java:672)
	at org.apache.catalina.startup.HostConfig$DeployDescriptor.run(HostConfig.java:1859)
	at java.util.concurrent.Executors$RunnableAdapter.call(Executors.java:511)
	at java.util.concurrent.FutureTask.run(FutureTask.java:266)
	at java.util.concurrent.ThreadPoolExecutor.runWorker(ThreadPoolExecutor.java:1142)
	at java.util.concurrent.ThreadPoolExecutor$Worker.run(ThreadPoolExecutor.java:617)
	at java.lang.Thread.run(Thread.java:745)

十一月 19, 2017 2:24:06 下午 org.apache.catalina.core.ContainerBase addChildInternal
严重: ContainerBase.addChild: start: 
org.apache.catalina.LifecycleException: Failed to start component [StandardEngine[Catalina].StandardHost[localhost].StandardContext[/ROOT`]]
	at org.apache.catalina.util.LifecycleBase.start(LifecycleBase.java:154)
	at org.apache.catalina.core.ContainerBase.addChildInternal(ContainerBase.java:901)
	at org.apache.catalina.core.ContainerBase.addChild(ContainerBase.java:877)
	at org.apache.catalina.core.StandardHost.addChild(StandardHost.java:649)
	at org.apache.catalina.startup.HostConfig.deployDescriptor(HostConfig.java:672)
	at org.apache.catalina.startup.HostConfig$DeployDescriptor.run(HostConfig.java:1859)
	at java.util.concurrent.Executors$RunnableAdapter.call(Executors.java:511)
	at java.util.concurrent.FutureTask.run(FutureTask.java:266)
	at java.util.concurrent.ThreadPoolExecutor.runWorker(ThreadPoolExecutor.java:1142)
	at java.util.concurrent.ThreadPoolExecutor$Worker.run(ThreadPoolExecutor.java:617)
	at java.lang.Thread.run(Thread.java:745)
Caused by: org.apache.catalina.LifecycleException: Error in resourceStart()
	at org.apache.catalina.core.StandardContext.startInternal(StandardContext.java:5327)
	at org.apache.catalina.util.LifecycleBase.start(LifecycleBase.java:150)
	... 10 more

十一月 19, 2017 2:24:06 下午 org.apache.catalina.startup.HostConfig deployDescriptor
严重: Error deploying configuration descriptor C:\koron\HFtomcat\tomcat7\conf\Catalina\localhost\ROOT`.xml
java.lang.IllegalStateException: ContainerBase.addChild: start: org.apache.catalina.LifecycleException: Failed to start component [StandardEngine[Catalina].StandardHost[localhost].StandardContext[/ROOT`]]
	at org.apache.catalina.core.ContainerBase.addChildInternal(ContainerBase.java:904)
	at org.apache.catalina.core.ContainerBase.addChild(ContainerBase.java:877)
	at org.apache.catalina.core.StandardHost.addChild(StandardHost.java:649)
	at org.apache.catalina.startup.HostConfig.deployDescriptor(HostConfig.java:672)
	at org.apache.catalina.startup.HostConfig$DeployDescriptor.run(HostConfig.java:1859)
	at java.util.concurrent.Executors$RunnableAdapter.call(Executors.java:511)
	at java.util.concurrent.FutureTask.run(FutureTask.java:266)
	at java.util.concurrent.ThreadPoolExecutor.runWorker(ThreadPoolExecutor.java:1142)
	at java.util.concurrent.ThreadPoolExecutor$Worker.run(ThreadPoolExecutor.java:617)
	at java.lang.Thread.run(Thread.java:745)

十一月 19, 2017 2:24:06 下午 org.apache.catalina.startup.HostConfig deployDescriptor
信息: Deployment of configuration descriptor C:\koron\HFtomcat\tomcat7\conf\Catalina\localhost\ROOT`.xml has finished in 30 ms
十一月 19, 2017 2:24:06 下午 org.apache.catalina.startup.HostConfig deployDirectory
信息: Deploying web application directory C:\koron\HFtomcat\tomcat7\webapps\log
十一月 19, 2017 2:24:06 下午 org.apache.catalina.startup.HostConfig deployDirectory
信息: Deployment of web application directory C:\koron\HFtomcat\tomcat7\webapps\log has finished in 310 ms
十一月 19, 2017 2:24:06 下午 org.apache.catalina.startup.HostConfig deployDirectory
信息: Deploying web application directory C:\koron\HFtomcat\tomcat7\webapps\prop
十一月 19, 2017 2:24:06 下午 org.apache.catalina.startup.HostConfig deployDirectory
信息: Deployment of web application directory C:\koron\HFtomcat\tomcat7\webapps\prop has finished in 203 ms
十一月 19, 2017 2:24:06 下午 org.apache.catalina.startup.HostConfig deployDirectory
信息: Deploying web application directory C:\koron\HFtomcat\tomcat7\webapps\task
十一月 19, 2017 2:24:06 下午 org.apache.catalina.startup.HostConfig deployDirectory
信息: Deployment of web application directory C:\koron\HFtomcat\tomcat7\webapps\task has finished in 207 ms
十一月 19, 2017 2:24:06 下午 org.apache.catalina.startup.HostConfig deployDirectory
信息: Deploying web application directory C:\koron\HFtomcat\tomcat7\webapps\tmp
十一月 19, 2017 2:24:06 下午 org.apache.catalina.startup.HostConfig deployDirectory
信息: Deployment of web application directory C:\koron\HFtomcat\tomcat7\webapps\tmp has finished in 207 ms
十一月 19, 2017 2:24:07 下午 org.apache.coyote.AbstractProtocol start
信息: Starting ProtocolHandler ["http-bio-8888"]
十一月 19, 2017 2:24:07 下午 org.apache.coyote.AbstractProtocol start
信息: Starting ProtocolHandler ["ajp-bio-8099"]
十一月 19, 2017 2:24:07 下午 org.apache.catalina.startup.Catalina start
信息: Server startup in 43327 ms
十一月 19, 2017 4:39:57 下午 org.apache.coyote.AbstractProtocol pause
信息: Pausing ProtocolHandler ["http-bio-8888"]
十一月 19, 2017 4:39:57 下午 org.apache.coyote.AbstractProtocol pause
信息: Pausing ProtocolHandler ["ajp-bio-8099"]
十一月 19, 2017 4:39:57 下午 org.apache.catalina.core.StandardService stopInternal
信息: Stopping service Catalina
十一月 19, 2017 4:39:57 下午 org.apache.catalina.loader.WebappClassLoader clearReferencesThreads
严重: The web application [] appears to have started a thread named [Timer-0] but has failed to stop it. This is very likely to create a memory leak.
十一月 19, 2017 4:39:57 下午 org.apache.catalina.loader.WebappClassLoader clearReferencesThreads
严重: The web application [] appears to have started a thread named [Timer-1] but has failed to stop it. This is very likely to create a memory leak.
十一月 19, 2017 4:39:57 下午 org.apache.catalina.loader.WebappClassLoader clearReferencesThreads
严重: The web application [] appears to have started a thread named [MSGConnectServerSocketThread] but has failed to stop it. This is very likely to create a memory leak.
十一月 19, 2017 4:39:57 下午 org.apache.catalina.loader.WebappClassLoader clearReferencesThreads
严重: The web application [] appears to have started a thread named [SessionClearThread] but has failed to stop it. This is very likely to create a memory leak.
十一月 19, 2017 4:39:57 下午 org.apache.catalina.loader.WebappClassLoader clearReferencesThreads
严重: The web application [] appears to have started a thread named [SessionClearThread] but has failed to stop it. This is very likely to create a memory leak.
十一月 19, 2017 4:39:57 下午 org.apache.catalina.loader.WebappClassLoader clearReferencesThreads
严重: The web application [] appears to have started a thread named [Thread-3] but has failed to stop it. This is very likely to create a memory leak.
十一月 19, 2017 4:39:57 下午 org.apache.catalina.loader.WebappClassLoader clearReferencesThreads
严重: The web application [] appears to have started a thread named [Mail Auto Receive Thread] but has failed to stop it. This is very likely to create a memory leak.
十一月 19, 2017 4:39:57 下午 org.apache.catalina.loader.WebappClassLoader clearReferencesThreads
严重: The web application [] appears to have started a thread named [Thread-9] but has failed to stop it. This is very likely to create a memory leak.
十一月 19, 2017 4:39:57 下午 org.apache.catalina.loader.WebappClassLoader clearReferencesThreads
严重: The web application [] appears to have started a thread named [TimingMsgThread] but has failed to stop it. This is very likely to create a memory leak.
十一月 19, 2017 4:39:57 下午 org.apache.catalina.loader.WebappClassLoader clearReferencesThreads
严重: The web application [] appears to have started a thread named [Thread-11] but has failed to stop it. This is very likely to create a memory leak.
十一月 19, 2017 4:39:57 下午 org.apache.catalina.loader.WebappClassLoader clearReferencesThreads
严重: The web application [] appears to have started a thread named [Thread-12] but has failed to stop it. This is very likely to create a memory leak.
十一月 19, 2017 4:39:57 下午 org.apache.catalina.loader.WebappClassLoader clearReferencesThreads
严重: The web application [] appears to have started a thread named [Thread-13] but has failed to stop it. This is very likely to create a memory leak.
十一月 19, 2017 4:39:57 下午 org.apache.catalina.loader.WebappClassLoader clearReferencesThreads
严重: The web application [] appears to have started a thread named [Thread-14] but has failed to stop it. This is very likely to create a memory leak.
十一月 19, 2017 4:39:57 下午 org.apache.catalina.loader.WebappClassLoader clearReferencesThreads
严重: The web application [] appears to have started a thread named [Thread-15] but has failed to stop it. This is very likely to create a memory leak.
十一月 19, 2017 4:39:57 下午 org.apache.catalina.loader.WebappClassLoader clearReferencesThreads
严重: The web application [] appears to have started a thread named [Timer-3] but has failed to stop it. This is very likely to create a memory leak.
十一月 19, 2017 4:39:57 下午 org.apache.catalina.loader.WebappClassLoader checkThreadLocalMapForLeaks
严重: The web application [] created a ThreadLocal with key of type [com.google.gson.internal.bind.MiniGson$1] (value [com.google.gson.internal.bind.MiniGson$1@9399df4]) and a value of type [java.util.HashMap] (value [{}]) but failed to remove it when the web application was stopped. Threads are going to be renewed over time to try and avoid a probable memory leak.
十一月 19, 2017 4:39:57 下午 org.apache.catalina.loader.WebappClassLoader checkThreadLocalMapForLeaks
严重: The web application [] created a ThreadLocal with key of type [com.google.gson.internal.bind.MiniGson$1] (value [com.google.gson.internal.bind.MiniGson$1@9399df4]) and a value of type [java.util.HashMap] (value [{}]) but failed to remove it when the web application was stopped. Threads are going to be renewed over time to try and avoid a probable memory leak.
十一月 19, 2017 4:39:57 下午 org.apache.catalina.loader.WebappClassLoader checkThreadLocalMapForLeaks
严重: The web application [] created a ThreadLocal with key of type [com.google.gson.internal.bind.MiniGson$1] (value [com.google.gson.internal.bind.MiniGson$1@9399df4]) and a value of type [java.util.HashMap] (value [{}]) but failed to remove it when the web application was stopped. Threads are going to be renewed over time to try and avoid a probable memory leak.
十一月 19, 2017 4:39:57 下午 org.apache.catalina.loader.WebappClassLoader checkThreadLocalMapForLeaks
严重: The web application [] created a ThreadLocal with key of type [com.google.gson.internal.bind.MiniGson$1] (value [com.google.gson.internal.bind.MiniGson$1@51b5d575]) and a value of type [java.util.HashMap] (value [{}]) but failed to remove it when the web application was stopped. Threads are going to be renewed over time to try and avoid a probable memory leak.
十一月 19, 2017 4:39:57 下午 org.apache.catalina.loader.WebappClassLoader checkThreadLocalMapForLeaks
严重: The web application [] created a ThreadLocal with key of type [com.google.gson.internal.bind.MiniGson$1] (value [com.google.gson.internal.bind.MiniGson$1@9399df4]) and a value of type [java.util.HashMap] (value [{}]) but failed to remove it when the web application was stopped. Threads are going to be renewed over time to try and avoid a probable memory leak.
十一月 19, 2017 4:39:57 下午 org.apache.catalina.loader.WebappClassLoader checkThreadLocalMapForLeaks
严重: The web application [] created a ThreadLocal with key of type [com.google.gson.internal.bind.MiniGson$1] (value [com.google.gson.internal.bind.MiniGson$1@51b5d575]) and a value of type [java.util.HashMap] (value [{}]) but failed to remove it when the web application was stopped. Threads are going to be renewed over time to try and avoid a probable memory leak.
十一月 19, 2017 4:39:57 下午 org.apache.catalina.loader.WebappClassLoader checkThreadLocalMapForLeaks
严重: The web application [] created a ThreadLocal with key of type [com.google.gson.internal.bind.MiniGson$1] (value [com.google.gson.internal.bind.MiniGson$1@9399df4]) and a value of type [java.util.HashMap] (value [{}]) but failed to remove it when the web application was stopped. Threads are going to be renewed over time to try and avoid a probable memory leak.
十一月 19, 2017 4:39:57 下午 org.apache.coyote.AbstractProtocol stop
信息: Stopping ProtocolHandler ["http-bio-8888"]
十一月 19, 2017 4:39:57 下午 org.apache.coyote.AbstractProtocol stop
信息: Stopping ProtocolHandler ["ajp-bio-8099"]
十一月 19, 2017 4:39:57 下午 org.apache.coyote.AbstractProtocol destroy
信息: Destroying ProtocolHandler ["http-bio-8888"]
十一月 19, 2017 4:39:57 下午 org.apache.coyote.AbstractProtocol destroy
信息: Destroying ProtocolHandler ["ajp-bio-8099"]
十一月 19, 2017 4:39:57 下午 org.apache.catalina.deploy.NamingResources cleanUp
警告: Failed to retrieve JNDI naming context for container [StandardEngine[Catalina].StandardHost[localhost].StandardContext[/ROOT`]] so no cleanup was performed for that container
javax.naming.NamingException: No naming context bound to this class loader
	at org.apache.naming.ContextBindings.getClassLoader(ContextBindings.java:350)
	at org.apache.catalina.deploy.NamingResources.cleanUp(NamingResources.java:985)
	at org.apache.catalina.deploy.NamingResources.stopInternal(NamingResources.java:968)
	at org.apache.catalina.util.LifecycleBase.stop(LifecycleBase.java:232)
	at org.apache.catalina.core.StandardContext.stopInternal(StandardContext.java:5736)
	at org.apache.catalina.util.LifecycleBase.stop(LifecycleBase.java:232)
	at org.apache.catalina.util.LifecycleBase.destroy(LifecycleBase.java:272)
	at org.apache.catalina.core.ContainerBase.removeChild(ContainerBase.java:1041)
	at org.apache.catalina.core.ContainerBase.destroyInternal(ContainerBase.java:1234)
	at org.apache.catalina.util.LifecycleBase.destroy(LifecycleBase.java:305)
	at org.apache.catalina.core.ContainerBase.removeChild(ContainerBase.java:1041)
	at org.apache.catalina.core.ContainerBase.destroyInternal(ContainerBase.java:1234)
	at org.apache.catalina.util.LifecycleBase.destroy(LifecycleBase.java:305)
	at org.apache.catalina.core.StandardService.destroyInternal(StandardService.java:593)
	at org.apache.catalina.util.LifecycleBase.destroy(LifecycleBase.java:305)
	at org.apache.catalina.core.StandardServer.destroyInternal(StandardServer.java:829)
	at org.apache.catalina.util.LifecycleBase.destroy(LifecycleBase.java:305)
	at org.apache.catalina.startup.Catalina.stop(Catalina.java:763)
	at org.apache.catalina.startup.Catalina$CatalinaShutdownHook.run(Catalina.java:908)

