[ERROR] 2018-01-03 14:50:09,802 Line:66 MSGConnectServer.init Create ServerSoket Error 
 java.net.BindException: Address already in use: bind
	at sun.nio.ch.Net.bind0(Native Method)
	at sun.nio.ch.Net.bind(Net.java:433)
	at sun.nio.ch.Net.bind(Net.java:425)
	at sun.nio.ch.ServerSocketChannelImpl.bind(ServerSocketChannelImpl.java:223)
	at sun.nio.ch.ServerSocketAdaptor.bind(ServerSocketAdaptor.java:74)
	at sun.nio.ch.ServerSocketAdaptor.bind(ServerSocketAdaptor.java:67)
	at com.menyi.msgcenter.server.MSGConnectServer.init(MSGConnectServer.java:59)
	at com.menyi.msgcenter.server.MSGConnectCenter.init(MSGConnectCenter.java:96)
	at com.menyi.web.util.InitMenData.initDog(InitMenData.java:3003)
	at com.menyi.web.util.InitMenData.initSystem(InitMenData.java:3850)
	at com.menyi.web.util.BaseFilter.init(BaseFilter.java:216)
	at org.apache.catalina.core.ApplicationFilterConfig.initFilter(ApplicationFilterConfig.java:279)
	at org.apache.catalina.core.ApplicationFilterConfig.getFilter(ApplicationFilterConfig.java:260)
	at org.apache.catalina.core.ApplicationFilterConfig.<init>(ApplicationFilterConfig.java:105)
	at org.apache.catalina.core.StandardContext.filterStart(StandardContext.java:4854)
	at org.apache.catalina.core.StandardContext.startInternal(StandardContext.java:5542)
	at org.apache.catalina.util.LifecycleBase.start(LifecycleBase.java:150)
	at org.apache.catalina.core.StandardContext.reload(StandardContext.java:4033)
	at org.apache.catalina.startup.HostConfig.reload(HostConfig.java:1479)
	at org.apache.catalina.startup.HostConfig.checkResources(HostConfig.java:1462)
	at org.apache.catalina.startup.HostConfig.check(HostConfig.java:1646)
	at org.apache.catalina.startup.HostConfig.lifecycleEvent(HostConfig.java:328)
	at org.apache.catalina.util.LifecycleSupport.fireLifecycleEvent(LifecycleSupport.java:117)
	at org.apache.catalina.util.LifecycleBase.fireLifecycleEvent(LifecycleBase.java:90)
	at org.apache.catalina.core.ContainerBase.backgroundProcess(ContainerBase.java:1374)
	at org.apache.catalina.core.ContainerBase$ContainerBackgroundProcessor.processChildren(ContainerBase.java:1546)
	at org.apache.catalina.core.ContainerBase$ContainerBackgroundProcessor.processChildren(ContainerBase.java:1556)
	at org.apache.catalina.core.ContainerBase$ContainerBackgroundProcessor.run(ContainerBase.java:1524)
	at java.lang.Thread.run(Thread.java:745)
[ERROR] 2018-01-03 14:50:09,809 Line:97 MSGConnectCenter.init MSGConnectServer Error
 [ERROR] 2018-01-03 14:53:27,577 Line:66 MSGConnectServer.init Create ServerSoket Error 
 java.net.BindException: Address already in use: bind
	at sun.nio.ch.Net.bind0(Native Method)
	at sun.nio.ch.Net.bind(Net.java:433)
	at sun.nio.ch.Net.bind(Net.java:425)
	at sun.nio.ch.ServerSocketChannelImpl.bind(ServerSocketChannelImpl.java:223)
	at sun.nio.ch.ServerSocketAdaptor.bind(ServerSocketAdaptor.java:74)
	at sun.nio.ch.ServerSocketAdaptor.bind(ServerSocketAdaptor.java:67)
	at com.menyi.msgcenter.server.MSGConnectServer.init(MSGConnectServer.java:59)
	at com.menyi.msgcenter.server.MSGConnectCenter.init(MSGConnectCenter.java:96)
	at com.menyi.web.util.InitMenData.initDog(InitMenData.java:3003)
	at com.menyi.web.util.InitMenData.initSystem(InitMenData.java:3850)
	at com.menyi.web.util.BaseFilter.init(BaseFilter.java:216)
	at org.apache.catalina.core.ApplicationFilterConfig.initFilter(ApplicationFilterConfig.java:279)
	at org.apache.catalina.core.ApplicationFilterConfig.getFilter(ApplicationFilterConfig.java:260)
	at org.apache.catalina.core.ApplicationFilterConfig.<init>(ApplicationFilterConfig.java:105)
	at org.apache.catalina.core.StandardContext.filterStart(StandardContext.java:4854)
	at org.apache.catalina.core.StandardContext.startInternal(StandardContext.java:5542)
	at org.apache.catalina.util.LifecycleBase.start(LifecycleBase.java:150)
	at org.apache.catalina.core.StandardContext.reload(StandardContext.java:4033)
	at org.apache.catalina.startup.HostConfig.reload(HostConfig.java:1479)
	at org.apache.catalina.startup.HostConfig.checkResources(HostConfig.java:1462)
	at org.apache.catalina.startup.HostConfig.check(HostConfig.java:1646)
	at org.apache.catalina.startup.HostConfig.lifecycleEvent(HostConfig.java:328)
	at org.apache.catalina.util.LifecycleSupport.fireLifecycleEvent(LifecycleSupport.java:117)
	at org.apache.catalina.util.LifecycleBase.fireLifecycleEvent(LifecycleBase.java:90)
	at org.apache.catalina.core.ContainerBase.backgroundProcess(ContainerBase.java:1374)
	at org.apache.catalina.core.ContainerBase$ContainerBackgroundProcessor.processChildren(ContainerBase.java:1546)
	at org.apache.catalina.core.ContainerBase$ContainerBackgroundProcessor.processChildren(ContainerBase.java:1556)
	at org.apache.catalina.core.ContainerBase$ContainerBackgroundProcessor.run(ContainerBase.java:1524)
	at java.lang.Thread.run(Thread.java:745)
[ERROR] 2018-01-03 14:53:27,580 Line:97 MSGConnectCenter.init MSGConnectServer Error
 